<?xml version="1.0" encoding="UTF-8"?>
<!-- Generated by org.testng.reporters.JUnitReportReporter -->
<testsuite skipped="0" hostname="Dika" name="com.seleniumtestngtest.mainClass" tests="14" failures="0" timestamp="27 Jul 2019 07:18:54 GMT" time="220.037" errors="0">
  <testcase name="Title" time="7.861" classname="com.seleniumtestngtest.mainClass"/>
  <testcase name="cekLoginTrue" time="10.384" classname="com.seleniumtestngtest.mainClass"/>
  <testcase name="cekLogout" time="10.505" classname="com.seleniumtestngtest.mainClass"/>
  <testcase name="cekLoginFailed" time="10.778" classname="com.seleniumtestngtest.mainClass"/>
  <testcase name="cekFormLogin" time="11.362" classname="com.seleniumtestngtest.mainClass"/>
  <testcase name="cekMenuDataKasir_CURD" time="13.945" classname="com.seleniumtestngtest.mainClass"/>
  <testcase name="cekFormDataKasir" time="15.516" classname="com.seleniumtestngtest.mainClass"/>
  <testcase name="cekMenuDataKategori_CURD" time="13.470" classname="com.seleniumtestngtest.mainClass"/>
  <testcase name="cekFormDataKategori" time="17.087" classname="com.seleniumtestngtest.mainClass"/>
  <testcase name="cekMenuDataSuplayer_CURD" time="15.112" classname="com.seleniumtestngtest.mainClass"/>
  <testcase name="cekFormDataSuplayer" time="14.930" classname="com.seleniumtestngtest.mainClass"/>
  <testcase name="cekMenuDataBarang_CURD" time="18.499" classname="com.seleniumtestngtest.mainClass"/>
  <testcase name="cekFormDataBarang" time="36.831" classname="com.seleniumtestngtest.mainClass"/>
  <testcase name="cekTransaksiPembelian" time="23.757" classname="com.seleniumtestngtest.mainClass"/>
</testsuite> <!-- com.seleniumtestngtest.mainClass -->
